<?xml version="1.0" encoding="UTF-8"?>
<testsuite name="week5.BreukTest" tests="6" skipped="0" failures="0" errors="0" timestamp="2018-06-19T12:30:59" hostname="iMac-6.local" time="0.003">
  <properties/>
  <testcase name="teltPlusOp" classname="week5.BreukTest" time="0.002"/>
  <testcase name="vermenigvuldigdMaal" classname="week5.BreukTest" time="0.0"/>
  <testcase name="trektMinAf" classname="week5.BreukTest" time="0.0"/>
  <testcase name="delenDoorNul" classname="week5.BreukTest" time="0.0"/>
  <testcase name="breukWordCorrectVereenvoudigd" classname="week5.BreukTest" time="0.0"/>
  <testcase name="deeltDelen" classname="week5.BreukTest" time="0.0"/>
  <system-out><![CDATA[]]></system-out>
  <system-err><![CDATA[]]></system-err>
</testsuite>
